<?xml version="1.0" encoding="UTF-8"?>
<!-- Generated by org.testng.reporters.JUnitXMLReporter -->
<testsuite hostname="Admin-PC" ignored="0" name="Default test" tests="5" failures="0" timestamp="10 Dec 2018 11:54:15 GMT" time="29.609" errors="0">
  <testcase name="verifyLaunch" time="11.231" classname="com.pagelibrary.com.ranfordBank.TestExecution"/>
  <testcase name="verifyLogin" time="2.975" classname="com.pagelibrary.com.ranfordBank.TestExecution"/>
  <testcase name="verifyLaunchAdminPage" time="1.349" classname="com.pagelibrary.com.ranfordBank.TestExecution"/>
  <testcase name="verifyNewBranchCreation" time="10.799" classname="com.pagelibrary.com.ranfordBank.TestExecution"/>
  <testcase name="verifyBranchSearch" time="3.221" classname="com.pagelibrary.com.ranfordBank.TestExecution"/>
</testsuite> <!-- Default test -->
