<?xml version="1.0" encoding="UTF-8"?>
<testng-results skipped="0" failed="0" ignored="0" total="5" passed="5">
  <reporter-output>
  </reporter-output>
  <suite name="Default suite" duration-ms="29609" started-at="2018-12-10T11:53:45Z" finished-at="2018-12-10T11:54:15Z">
    <groups>
    </groups>
    <test name="Default test" duration-ms="29609" started-at="2018-12-10T11:53:45Z" finished-at="2018-12-10T11:54:15Z">
      <class name="com.pagelibrary.com.ranfordBank.TestExecution">
        <test-method status="PASS" signature="extentReport()[pri:0, instance:com.pagelibrary.com.ranfordBank.TestExecution@ae45eb6]" name="extentReport" is-config="true" duration-ms="257" started-at="2018-12-10T17:23:45Z" finished-at="2018-12-10T17:23:45Z">
          <reporter-output>
          </reporter-output>
        </test-method> <!-- extentReport -->
        <test-method status="PASS" signature="sendfunToReport(java.lang.reflect.Method)[pri:0, instance:com.pagelibrary.com.ranfordBank.TestExecution@ae45eb6]" name="sendfunToReport" is-config="true" duration-ms="3" started-at="2018-12-10T17:23:45Z" finished-at="2018-12-10T17:23:45Z">
          <params>
            <param index="0">
              <value>
                <![CDATA[public void com.pagelibrary.com.ranfordBank.TestExecution.verifyLaunch()]]>
              </value>
            </param>
          </params>
          <reporter-output>
          </reporter-output>
        </test-method> <!-- sendfunToReport -->
        <test-method status="PASS" signature="verifyLaunch()[pri:0, instance:com.pagelibrary.com.ranfordBank.TestExecution@ae45eb6]" name="verifyLaunch" duration-ms="11231" started-at="2018-12-10T17:23:45Z" finished-at="2018-12-10T17:23:56Z">
          <reporter-output>
          </reporter-output>
        </test-method> <!-- verifyLaunch -->
        <test-method status="PASS" signature="sendfunToReport(java.lang.reflect.Method)[pri:0, instance:com.pagelibrary.com.ranfordBank.TestExecution@ae45eb6]" name="sendfunToReport" is-config="true" duration-ms="0" started-at="2018-12-10T17:23:56Z" finished-at="2018-12-10T17:23:56Z">
          <params>
            <param index="0">
              <value>
                <![CDATA[public void com.pagelibrary.com.ranfordBank.TestExecution.verifyLogin()]]>
              </value>
            </param>
          </params>
          <reporter-output>
          </reporter-output>
        </test-method> <!-- sendfunToReport -->
        <test-method status="PASS" signature="verifyLogin()[pri:1, instance:com.pagelibrary.com.ranfordBank.TestExecution@ae45eb6]" name="verifyLogin" duration-ms="2975" started-at="2018-12-10T17:23:56Z" finished-at="2018-12-10T17:23:59Z">
          <reporter-output>
          </reporter-output>
        </test-method> <!-- verifyLogin -->
        <test-method status="PASS" signature="verifyLaunchAdminPage()[pri:2, instance:com.pagelibrary.com.ranfordBank.TestExecution@ae45eb6]" name="verifyLaunchAdminPage" duration-ms="1349" started-at="2018-12-10T17:23:59Z" finished-at="2018-12-10T17:24:01Z">
          <reporter-output>
          </reporter-output>
        </test-method> <!-- verifyLaunchAdminPage -->
        <test-method status="PASS" signature="sendfunToReport(java.lang.reflect.Method)[pri:0, instance:com.pagelibrary.com.ranfordBank.TestExecution@ae45eb6]" name="sendfunToReport" is-config="true" duration-ms="0" started-at="2018-12-10T17:23:59Z" finished-at="2018-12-10T17:23:59Z">
          <params>
            <param index="0">
              <value>
                <![CDATA[public void com.pagelibrary.com.ranfordBank.TestExecution.verifyLaunchAdminPage()]]>
              </value>
            </param>
          </params>
          <reporter-output>
          </reporter-output>
        </test-method> <!-- sendfunToReport -->
        <test-method status="PASS" signature="sendfunToReport(java.lang.reflect.Method)[pri:0, instance:com.pagelibrary.com.ranfordBank.TestExecution@ae45eb6]" name="sendfunToReport" is-config="true" duration-ms="0" started-at="2018-12-10T17:24:01Z" finished-at="2018-12-10T17:24:01Z">
          <params>
            <param index="0">
              <value>
                <![CDATA[public void com.pagelibrary.com.ranfordBank.TestExecution.verifyNewBranchCreation()]]>
              </value>
            </param>
          </params>
          <reporter-output>
          </reporter-output>
        </test-method> <!-- sendfunToReport -->
        <test-method status="PASS" signature="verifyNewBranchCreation()[pri:3, instance:com.pagelibrary.com.ranfordBank.TestExecution@ae45eb6]" name="verifyNewBranchCreation" duration-ms="10799" started-at="2018-12-10T17:24:01Z" finished-at="2018-12-10T17:24:11Z">
          <reporter-output>
          </reporter-output>
        </test-method> <!-- verifyNewBranchCreation -->
        <test-method status="PASS" signature="verifyBranchSearch()[pri:4, instance:com.pagelibrary.com.ranfordBank.TestExecution@ae45eb6]" name="verifyBranchSearch" duration-ms="3221" started-at="2018-12-10T17:24:11Z" finished-at="2018-12-10T17:24:15Z">
          <reporter-output>
          </reporter-output>
        </test-method> <!-- verifyBranchSearch -->
        <test-method status="PASS" signature="sendfunToReport(java.lang.reflect.Method)[pri:0, instance:com.pagelibrary.com.ranfordBank.TestExecution@ae45eb6]" name="sendfunToReport" is-config="true" duration-ms="0" started-at="2018-12-10T17:24:11Z" finished-at="2018-12-10T17:24:11Z">
          <params>
            <param index="0">
              <value>
                <![CDATA[public void com.pagelibrary.com.ranfordBank.TestExecution.verifyBranchSearch()]]>
              </value>
            </param>
          </params>
          <reporter-output>
          </reporter-output>
        </test-method> <!-- sendfunToReport -->
        <test-method status="PASS" signature="savereport()[pri:0, instance:com.pagelibrary.com.ranfordBank.TestExecution@ae45eb6]" name="savereport" is-config="true" duration-ms="317" started-at="2018-12-10T17:24:15Z" finished-at="2018-12-10T17:24:15Z">
          <reporter-output>
          </reporter-output>
        </test-method> <!-- savereport -->
      </class> <!-- com.pagelibrary.com.ranfordBank.TestExecution -->
    </test> <!-- Default test -->
  </suite> <!-- Default suite -->
</testng-results>
