<?xml version="1.0" encoding="UTF-8"?>
<!-- Generated by org.testng.reporters.JUnitXMLReporter -->
<testsuite hostname="Admin-PC" ignored="0" name="Test2" tests="5" failures="0" timestamp="08 Dec 2018 17:30:01 GMT" time="19.166" errors="0">
  <testcase name="verifyLaunch" time="7.092" classname="com.pagelibrary.com.ranfordBank.TestExecution"/>
  <testcase name="verifyLogin" time="2.851" classname="com.pagelibrary.com.ranfordBank.TestExecution"/>
  <testcase name="verifyLaunchAdminPage" time="0.787" classname="com.pagelibrary.com.ranfordBank.TestExecution"/>
  <testcase name="verifyNewBranchCreation" time="6.813" classname="com.pagelibrary.com.ranfordBank.TestExecution"/>
  <testcase name="verifyBranchSearch" time="1.601" classname="com.pagelibrary.com.ranfordBank.TestExecution"/>
</testsuite> <!-- Test2 -->
