<?xml version="1.0" encoding="UTF-8"?>
<!-- Generated by org.testng.reporters.JUnitXMLReporter -->
<testsuite hostname="Admin-PC" ignored="1" name="Test1" tests="4" failures="0" timestamp="08 Dec 2018 17:29:41 GMT" time="0.052" errors="0">
  <testcase name="@BeforeMethod sendfunToReport" time="0.0" classname="com.pagelibrary.com.ranfordBank.TestCaseRepository">
    <failure type="java.lang.NullPointerException">
      <![CDATA[java.lang.NullPointerException
	at com.pagelibrary.com.ranfordBank.TestCaseRepository.sendfunToReport(TestCaseRepository.java:36)
... Removed 27 stack frames]]>
    </failure>
  </testcase> <!-- @BeforeMethod sendfunToReport -->
  <testcase name="@BeforeMethod sendfunToReport" time="0.0" classname="com.pagelibrary.com.ranfordBank.TestCaseRepository">
    <skipped/>
  </testcase> <!-- @BeforeMethod sendfunToReport -->
  <testcase name="@BeforeMethod sendfunToReport" time="0.0" classname="com.pagelibrary.com.ranfordBank.TestCaseRepository">
    <skipped/>
  </testcase> <!-- @BeforeMethod sendfunToReport -->
  <testcase name="@BeforeMethod sendfunToReport" time="0.0" classname="com.pagelibrary.com.ranfordBank.TestCaseRepository">
    <skipped/>
  </testcase> <!-- @BeforeMethod sendfunToReport -->
  <testcase name="verifyLaunch" time="0.003" classname="com.pagelibrary.com.ranfordBank.TestExecution">
    <skipped/>
  </testcase> <!-- verifyLaunch -->
  <testcase name="verifyLogin" time="0.001" classname="com.pagelibrary.com.ranfordBank.TestExecution">
    <skipped/>
  </testcase> <!-- verifyLogin -->
  <testcase name="verifyLaunchAdminPage" time="0.001" classname="com.pagelibrary.com.ranfordBank.TestExecution">
    <skipped/>
  </testcase> <!-- verifyLaunchAdminPage -->
  <testcase name="verifyNewBranchCreation" time="0.001" classname="com.pagelibrary.com.ranfordBank.TestExecution">
    <skipped/>
  </testcase> <!-- verifyNewBranchCreation -->
  <testcase name="verifyBranchSearch" time="0.0" classname="com.pagelibrary.com.ranfordBank.TestExecution">
    <ignored/>
  </testcase> <!-- verifyBranchSearch -->
</testsuite> <!-- Test1 -->
